<?xml version="1.0" encoding="UTF-8"?>
<!-- Generated by org.testng.reporters.JUnitReportReporter -->
<testsuite hostname="Computer" name="b3.UntrustedDemo.UntrustedCertificate" tests="1" failures="0" timestamp="10 Oct 2018 16:46:02 GMT" time="7.409" errors="0">
  <testcase name="HandleUntrusted" time="7.409" classname="b3.UntrustedDemo.UntrustedCertificate"/>
</testsuite> <!-- b3.UntrustedDemo.UntrustedCertificate -->
