<?xml version="1.0" encoding="UTF-8"?>
<!-- Generated by org.testng.reporters.JUnitReportReporter -->
<testsuite hostname="Computer" name="b2.HandleHiddenElement.HiddenElement" tests="1" failures="0" timestamp="10 Oct 2018 16:38:15 GMT" time="12.813" errors="0">
  <testcase name="element" time="12.813" classname="b2.HandleHiddenElement.HiddenElement"/>
</testsuite> <!-- b2.HandleHiddenElement.HiddenElement -->
